#
# A fatal error has been detected by the Java Runtime Environment:
#
#  SIGSEGV (0xb) at pc=0x00007fd37281b30e, pid=7874, tid=140546545661696
#
# JRE version: 7.0_03-b147
# Java VM: OpenJDK 64-Bit Server VM (22.0-b10 mixed mode linux-amd64 compressed oops)
# Derivative: IcedTea7 2.1.1pre
# Distribution: Ubuntu 12.04 LTS, package 7~u3-2.1.1~pre1-1ubuntu3
# Problematic frame:
# C  [libgdk-x11-2.0.so.0+0x7230e]  gdk_window_enable_synchronized_configure+0xe
#
# Failed to write core dump. Core dumps have been disabled. To enable core dumping, try "ulimit -c unlimited" before starting Java again
#
# If you would like to submit a bug report, please include
# instructions on how to reproduce the bug and visit:
#   https://bugs.launchpad.net/ubuntu/+source/openjdk-7/
# The crash happened outside the Java Virtual Machine in native code.
# See problematic frame for where to report the bug.
#

---------------  T H R E A D  ---------------

Current thread (0x00007fd384006000):  JavaThread "main" [_thread_in_native, id=7875, stack(0x00007fd38addb000,0x00007fd38aedc000)]

siginfo:si_signo=SIGSEGV: si_errno=0, si_code=1 (SEGV_MAPERR), si_addr=0x0000000000000018

Registers:
RAX=0x0000000000000000, RBX=0x00007fd38413b000, RCX=0x00007fd38aedb700, RDX=0x0000000000000000
RSP=0x00007fd38aed9df0, RBP=0x00007fd38413b0f0, RSI=0x0000000000000000, RDI=0x0000000000000000
R8 =0x00007fd384220c90, R9 =0x0000000000000000, R10=0x00007fd38aed9ba0, R11=0x00007fd37281b300
R12=0x00007fd38413b000, R13=0x0000000000000000, R14=0x0000000000000260, R15=0x0000000000000000
RIP=0x00007fd37281b30e, EFLAGS=0x0000000000010206, CSGSFS=0x0000000000000033, ERR=0x0000000000000004
  TRAPNO=0x000000000000000e

Top of Stack: (sp=0x00007fd38aed9df0)
0x00007fd38aed9df0:   0000000000000000 00007fd38413b000
0x00007fd38aed9e00:   00007fd38413b0f0 00007fd36a24237c
0x00007fd38aed9e10:   00007fd3841e1810 00007fd30000fc02
0x00007fd38aed9e20:   000001c78413b000 0000000000000127
0x00007fd38aed9e30:   0000000000000000 0000000000000000
0x00007fd38aed9e40:   00007fd300000001 0000003000000020
0x00007fd38aed9e50:   00007fd384139390 00007fd3841dd4d0
0x00007fd38aed9e60:   00000000841ecc30 00007fd3731a32d0
0x00007fd38aed9e70:   00007fd38413b000 0000000000000000
0x00007fd38aed9e80:   00007fd38aeda138 00007fd3731a4eca
0x00007fd38aed9e90:   00007fd3841edec0 00007fd3731a32d0
0x00007fd38aed9ea0:   00007fd38413b000 0000000000000000
0x00007fd38aed9eb0:   00007fd38aeda168 00007fd3731a4eca
0x00007fd38aed9ec0:   0000000000000000 000000007d12684b
0x00007fd38aed9ed0:   0000000000000000 0000000000000000
0x00007fd38aed9ee0:   00007fd300000002 0000000072ed7e33
0x00007fd38aed9ef0:   0000000040000002 0000000000000000
0x00007fd38aed9f00:   0000000500000005 00007fd3731a9d65
0x00007fd38aed9f10:   00007fd3841eccc0 00007fd372ed7e33
0x00007fd38aed9f20:   00007fd38aeda138 00007fd372f235d1
0x00007fd38aed9f30:   00007fd3841ecc30 00007fd3841ebf00
0x00007fd38aed9f40:   00007fd38aeda150 00007fd38aeda168
0x00007fd38aed9f50:   00007fd3841edec0 00007fd38aeda070
0x00007fd38aed9f60:   0000000000000000 00007fd3731bd741
0x00007fd38aed9f70:   0000000000000000 0000000000000004
0x00007fd38aed9f80:   0000000000000004 000000008aeda0f8
0x00007fd38aed9f90:   00007fd300000001 00007fd38413b000
0x00007fd38aed9fa0:   0000000000000000 0000000000000004
0x00007fd38aed9fb0:   00007fd372ea9790 b14e3daaa019e300
0x00007fd38aed9fc0:   00007fd3727af2d0 00007fd38aeda214
0x00007fd38aed9fd0:   00007fd38aeda210 0000000000000000
0x00007fd38aed9fe0:   00007fd38413b000 00000000000001c7 

Instructions: (pc=0x00007fd37281b30e)
0x00007fd37281b2ee:   00 48 83 c4 38 e9 b8 8f ff ff 0f 1f 84 00 00 00
0x00007fd37281b2fe:   00 00 48 89 5c 24 f0 48 89 6c 24 f8 48 83 ec 18
0x00007fd37281b30e:   48 8b 5f 18 48 89 fd e8 26 9c ff ff 48 85 db 74
0x00007fd37281b31e:   22 48 8b 13 48 85 d2 74 05 48 39 02 74 0f 48 89 

Register to memory mapping:

RAX=0x0000000000000000 is an unknown value
RBX=0x00007fd38413b000 is an unknown value
RCX=0x00007fd38aedb700 is pointing into the stack for thread: 0x00007fd384006000
RDX=0x0000000000000000 is an unknown value
RSP=0x00007fd38aed9df0 is pointing into the stack for thread: 0x00007fd384006000
RBP=0x00007fd38413b0f0 is an unknown value
RSI=0x0000000000000000 is an unknown value
RDI=0x0000000000000000 is an unknown value
R8 =0x00007fd384220c90 is an unknown value
R9 =0x0000000000000000 is an unknown value
R10=0x00007fd38aed9ba0 is pointing into the stack for thread: 0x00007fd384006000
R11=0x00007fd37281b300: gdk_window_enable_synchronized_configure+0 in /usr/lib/x86_64-linux-gnu/libgdk-x11-2.0.so.0 at 0x00007fd3727a9000
R12=0x00007fd38413b000 is an unknown value
R13=0x0000000000000000 is an unknown value
R14=0x0000000000000260 is an unknown value
R15=0x0000000000000000 is an unknown value


Stack: [0x00007fd38addb000,0x00007fd38aedc000],  sp=0x00007fd38aed9df0,  free space=1019k
Native frames: (J=compiled Java code, j=interpreted, Vv=VM code, C=native code)
C  [libgdk-x11-2.0.so.0+0x7230e]  gdk_window_enable_synchronized_configure+0xe

Java frames: (J=compiled Java code, j=interpreted, Vv=VM code)
j  org.eclipse.equinox.launcher.JNIBridge._show_splash(Ljava/lang/String;)V+0
j  org.eclipse.equinox.launcher.JNIBridge.showSplash(Ljava/lang/String;)Z+2
j  org.eclipse.equinox.launcher.Main.handleSplash([Ljava/net/URL;)V+157
j  org.eclipse.equinox.launcher.Main.basicRun([Ljava/lang/String;)V+116
j  org.eclipse.equinox.launcher.Main.run([Ljava/lang/String;)I+4
j  org.eclipse.equinox.launcher.Main.main([Ljava/lang/String;)V+10
v  ~StubRoutines::call_stub

---------------  P R O C E S S  ---------------

Java Threads: ( => current thread )
  0x00007fd384133000 JavaThread "Service Thread" daemon [_thread_blocked, id=7892, stack(0x00007fd3736f7000,0x00007fd3737f8000)]
  0x00007fd384131000 JavaThread "C2 CompilerThread1" daemon [_thread_blocked, id=7891, stack(0x00007fd3737f8000,0x00007fd3738f9000)]
  0x00007fd38412e000 JavaThread "C2 CompilerThread0" daemon [_thread_blocked, id=7890, stack(0x00007fd3738f9000,0x00007fd3739fa000)]
  0x00007fd38412c000 JavaThread "Signal Dispatcher" daemon [_thread_blocked, id=7889, stack(0x00007fd3739fa000,0x00007fd373afb000)]
  0x00007fd3840d6800 JavaThread "Finalizer" daemon [_thread_blocked, id=7886, stack(0x00007fd373afb000,0x00007fd373bfc000)]
  0x00007fd3840d4000 JavaThread "Reference Handler" daemon [_thread_blocked, id=7885, stack(0x00007fd373bfc000,0x00007fd373cfd000)]
=>0x00007fd384006000 JavaThread "main" [_thread_in_native, id=7875, stack(0x00007fd38addb000,0x00007fd38aedc000)]

Other Threads:
  0x00007fd3840cc000 VMThread [stack: 0x00007fd373cfd000,0x00007fd373dfe000] [id=7884]
  0x00007fd38413e000 WatcherThread [stack: 0x00007fd3735f6000,0x00007fd3736f7000] [id=7893]

VM state:not at safepoint (normal execution)

VM Mutex/Monitor currently owned by a thread: None

Heap
 PSYoungGen      total 11968K, used 951K [0x00000000f8000000, 0x00000000f8d50000, 0x0000000100000000)
  eden space 10304K, 9% used [0x00000000f8000000,0x00000000f80edce0,0x00000000f8a10000)
  from space 1664K, 0% used [0x00000000f8bb0000,0x00000000f8bb0000,0x00000000f8d50000)
  to   space 1664K, 0% used [0x00000000f8a10000,0x00000000f8a10000,0x00000000f8bb0000)
 PSOldGen        total 27328K, used 0K [0x00000000e8000000, 0x00000000e9ab0000, 0x00000000f8000000)
  object space 27328K, 0% used [0x00000000e8000000,0x00000000e8000000,0x00000000e9ab0000)
 PSPermGen       total 21248K, used 3333K [0x00000000d8000000, 0x00000000d94c0000, 0x00000000e8000000)
  object space 21248K, 15% used [0x00000000d8000000,0x00000000d83414c0,0x00000000d94c0000)

Code Cache  [0x00007fd381000000, 0x00007fd381270000, 0x00007fd384000000)
 total_blobs=183 nmethods=3 adapters=134 free_code_cache=48766Kb largest_free_block=49916992

Dynamic libraries:
00400000-00401000 r-xp 00000000 08:01 929183                             /usr/lib/jvm/java-7-openjdk-amd64/jre/bin/java
00600000-00601000 r--p 00000000 08:01 929183                             /usr/lib/jvm/java-7-openjdk-amd64/jre/bin/java
00601000-00602000 rw-p 00001000 08:01 929183                             /usr/lib/jvm/java-7-openjdk-amd64/jre/bin/java
02327000-02348000 rw-p 00000000 00:00 0                                  [heap]
d8000000-d94c0000 rw-p 00000000 00:00 0 
d94c0000-e8000000 rw-p 00000000 00:00 0 
e8000000-e9ab0000 rw-p 00000000 00:00 0 
e9ab0000-f8000000 rw-p 00000000 00:00 0 
f8000000-f8d50000 rw-p 00000000 00:00 0 
f8d50000-100000000 rw-p 00000000 00:00 0 
7fd334000000-7fd334021000 rw-p 00000000 00:00 0 
7fd334021000-7fd338000000 ---p 00000000 00:00 0 
7fd33c000000-7fd33c092000 rw-p 00000000 00:00 0 
7fd33c092000-7fd340000000 ---p 00000000 00:00 0 
7fd340000000-7fd340021000 rw-p 00000000 00:00 0 
7fd340021000-7fd344000000 ---p 00000000 00:00 0 
7fd344000000-7fd344021000 rw-p 00000000 00:00 0 
7fd344021000-7fd348000000 ---p 00000000 00:00 0 
7fd348000000-7fd348099000 rw-p 00000000 00:00 0 
7fd348099000-7fd34c000000 ---p 00000000 00:00 0 
7fd34c000000-7fd34c021000 rw-p 00000000 00:00 0 
7fd34c021000-7fd350000000 ---p 00000000 00:00 0 
7fd350000000-7fd350021000 rw-p 00000000 00:00 0 
7fd350021000-7fd354000000 ---p 00000000 00:00 0 
7fd354000000-7fd354021000 rw-p 00000000 00:00 0 
7fd354021000-7fd358000000 ---p 00000000 00:00 0 
7fd358000000-7fd358021000 rw-p 00000000 00:00 0 
7fd358021000-7fd35c000000 ---p 00000000 00:00 0 
7fd35c000000-7fd35c021000 rw-p 00000000 00:00 0 
7fd35c021000-7fd360000000 ---p 00000000 00:00 0 
7fd360000000-7fd360021000 rw-p 00000000 00:00 0 
7fd360021000-7fd364000000 ---p 00000000 00:00 0 
7fd364000000-7fd364021000 rw-p 00000000 00:00 0 
7fd364021000-7fd368000000 ---p 00000000 00:00 0 
7fd3699aa000-7fd3699ad000 r-xp 00000000 08:01 659456                     /usr/lib/x86_64-linux-gnu/gdk-pixbuf-2.0/2.10.0/loaders/libpixbufloader-bmp.so
7fd3699ad000-7fd369bad000 ---p 00003000 08:01 659456                     /usr/lib/x86_64-linux-gnu/gdk-pixbuf-2.0/2.10.0/loaders/libpixbufloader-bmp.so
7fd369bad000-7fd369bae000 r--p 00003000 08:01 659456                     /usr/lib/x86_64-linux-gnu/gdk-pixbuf-2.0/2.10.0/loaders/libpixbufloader-bmp.so
7fd369bae000-7fd369baf000 rw-p 00004000 08:01 659456                     /usr/lib/x86_64-linux-gnu/gdk-pixbuf-2.0/2.10.0/loaders/libpixbufloader-bmp.so
7fd369baf000-7fd369bbb000 r-xp 00000000 08:01 1048722                    /lib/x86_64-linux-gnu/libnss_files-2.15.so
7fd369bbb000-7fd369dba000 ---p 0000c000 08:01 1048722                    /lib/x86_64-linux-gnu/libnss_files-2.15.so
7fd369dba000-7fd369dbb000 r--p 0000b000 08:01 1048722                    /lib/x86_64-linux-gnu/libnss_files-2.15.so
7fd369dbb000-7fd369dbc000 rw-p 0000c000 08:01 1048722                    /lib/x86_64-linux-gnu/libnss_files-2.15.so
7fd369dbc000-7fd369ddb000 r-xp 00000000 08:01 656798                     /usr/lib/x86_64-linux-gnu/libatk-1.0.so.0.20409.1
7fd369ddb000-7fd369fdb000 ---p 0001f000 08:01 656798                     /usr/lib/x86_64-linux-gnu/libatk-1.0.so.0.20409.1
7fd369fdb000-7fd369fdd000 r--p 0001f000 08:01 656798                     /usr/lib/x86_64-linux-gnu/libatk-1.0.so.0.20409.1
7fd369fdd000-7fd369fde000 rw-p 00021000 08:01 656798                     /usr/lib/x86_64-linux-gnu/libatk-1.0.so.0.20409.1
7fd369fde000-7fd36a40b000 r-xp 00000000 08:01 659575                     /usr/lib/x86_64-linux-gnu/libgtk-x11-2.0.so.0.2400.10
7fd36a40b000-7fd36a60b000 ---p 0042d000 08:01 659575                     /usr/lib/x86_64-linux-gnu/libgtk-x11-2.0.so.0.2400.10
7fd36a60b000-7fd36a612000 r--p 0042d000 08:01 659575                     /usr/lib/x86_64-linux-gnu/libgtk-x11-2.0.so.0.2400.10
7fd36a612000-7fd36a616000 rw-p 00434000 08:01 659575                     /usr/lib/x86_64-linux-gnu/libgtk-x11-2.0.so.0.2400.10
7fd36a616000-7fd36a618000 rw-p 00000000 00:00 0 
7fd36a618000-7fd36a61d000 r-xp 00000000 08:01 659023                     /usr/lib/x86_64-linux-gnu/libXdmcp.so.6.0.0
7fd36a61d000-7fd36a81c000 ---p 00005000 08:01 659023                     /usr/lib/x86_64-linux-gnu/libXdmcp.so.6.0.0
7fd36a81c000-7fd36a81d000 r--p 00004000 08:01 659023                     /usr/lib/x86_64-linux-gnu/libXdmcp.so.6.0.0
7fd36a81d000-7fd36a81e000 rw-p 00005000 08:01 659023                     /usr/lib/x86_64-linux-gnu/libXdmcp.so.6.0.0
7fd36a81e000-7fd36a820000 r-xp 00000000 08:01 659018                     /usr/lib/x86_64-linux-gnu/libXau.so.6.0.0
7fd36a820000-7fd36aa1f000 ---p 00002000 08:01 659018                     /usr/lib/x86_64-linux-gnu/libXau.so.6.0.0
7fd36aa1f000-7fd36aa20000 r--p 00001000 08:01 659018                     /usr/lib/x86_64-linux-gnu/libXau.so.6.0.0
7fd36aa20000-7fd36aa21000 rw-p 00002000 08:01 659018                     /usr/lib/x86_64-linux-gnu/libXau.so.6.0.0
7fd36aa21000-7fd36aa3e000 r-xp 00000000 08:01 659028                     /usr/lib/x86_64-linux-gnu/libxcb.so.1.1.0
7fd36aa3e000-7fd36ac3d000 ---p 0001d000 08:01 659028                     /usr/lib/x86_64-linux-gnu/libxcb.so.1.1.0
7fd36ac3d000-7fd36ac3e000 r--p 0001c000 08:01 659028                     /usr/lib/x86_64-linux-gnu/libxcb.so.1.1.0
7fd36ac3e000-7fd36ac3f000 rw-p 0001d000 08:01 659028                     /usr/lib/x86_64-linux-gnu/libxcb.so.1.1.0
7fd36ac3f000-7fd36ac47000 r-xp 00000000 08:01 658990                     /usr/lib/x86_64-linux-gnu/libxcb-render.so.0.0.0
7fd36ac47000-7fd36ae47000 ---p 00008000 08:01 658990                     /usr/lib/x86_64-linux-gnu/libxcb-render.so.0.0.0
7fd36ae47000-7fd36ae48000 r--p 00008000 08:01 658990                     /usr/lib/x86_64-linux-gnu/libxcb-render.so.0.0.0
7fd36ae48000-7fd36ae49000 rw-p 00009000 08:01 658990                     /usr/lib/x86_64-linux-gnu/libxcb-render.so.0.0.0
7fd36ae49000-7fd36ae4b000 r-xp 00000000 08:01 658996                     /usr/lib/x86_64-linux-gnu/libxcb-shm.so.0.0.0
7fd36ae4b000-7fd36b04a000 ---p 00002000 08:01 658996                     /usr/lib/x86_64-linux-gnu/libxcb-shm.so.0.0.0
7fd36b04a000-7fd36b04b000 r--p 00001000 08:01 658996                     /usr/lib/x86_64-linux-gnu/libxcb-shm.so.0.0.0
7fd36b04b000-7fd36b04c000 rw-p 00002000 08:01 658996                     /usr/lib/x86_64-linux-gnu/libxcb-shm.so.0.0.0
7fd36b04c000-7fd36b072000 r-xp 00000000 08:01 1048588                    /lib/x86_64-linux-gnu/libpng12.so.0.46.0
7fd36b072000-7fd36b272000 ---p 00026000 08:01 1048588                    /lib/x86_64-linux-gnu/libpng12.so.0.46.0
7fd36b272000-7fd36b273000 r--p 00026000 08:01 1048588                    /lib/x86_64-linux-gnu/libpng12.so.0.46.0
7fd36b273000-7fd36b274000 rw-p 00027000 08:01 1048588                    /lib/x86_64-linux-gnu/libpng12.so.0.46.0
7fd36b274000-7fd36b2f5000 r-xp 00000000 08:01 658898                     /usr/lib/x86_64-linux-gnu/libpixman-1.so.0.24.4
7fd36b2f5000-7fd36b4f4000 ---p 00081000 08:01 658898                     /usr/lib/x86_64-linux-gnu/libpixman-1.so.0.24.4
7fd36b4f4000-7fd36b4fa000 r--p 00080000 08:01 658898                     /usr/lib/x86_64-linux-gnu/libpixman-1.so.0.24.4
7fd36b4fa000-7fd36b4fb000 rw-p 00086000 08:01 658898                     /usr/lib/x86_64-linux-gnu/libpixman-1.so.0.24.4
7fd36b4fb000-7fd36b522000 r-xp 00000000 08:01 1054256                    /lib/x86_64-linux-gnu/libexpat.so.1.5.2
7fd36b522000-7fd36b722000 ---p 00027000 08:01 1054256                    /lib/x86_64-linux-gnu/libexpat.so.1.5.2
7fd36b722000-7fd36b724000 r--p 00027000 08:01 1054256                    /lib/x86_64-linux-gnu/libexpat.so.1.5.2
7fd36b724000-7fd36b725000 rw-p 00029000 08:01 1054256                    /lib/x86_64-linux-gnu/libexpat.so.1.5.2
7fd36b725000-7fd36b73d000 r-xp 00000000 08:01 1048706                    /lib/x86_64-linux-gnu/libresolv-2.15.so
7fd36b73d000-7fd36b93d000 ---p 00018000 08:01 1048706                    /lib/x86_64-linux-gnu/libresolv-2.15.so
7fd36b93d000-7fd36b93e000 r--p 00018000 08:01 1048706                    /lib/x86_64-linux-gnu/libresolv-2.15.so
7fd36b93e000-7fd36b93f000 rw-p 00019000 08:01 1048706                    /lib/x86_64-linux-gnu/libresolv-2.15.so
7fd36b93f000-7fd36b941000 rw-p 00000000 00:00 0 
7fd36b941000-7fd36b95e000 r-xp 00000000 08:01 1048673                    /lib/x86_64-linux-gnu/libselinux.so.1
7fd36b95e000-7fd36bb5d000 ---p 0001d000 08:01 1048673                    /lib/x86_64-linux-gnu/libselinux.so.1
7fd36bb5d000-7fd36bb5e000 r--p 0001c000 08:01 1048673                    /lib/x86_64-linux-gnu/libselinux.so.1
7fd36bb5e000-7fd36bb5f000 rw-p 0001d000 08:01 1048673                    /lib/x86_64-linux-gnu/libselinux.so.1
7fd36bb5f000-7fd36bb60000 rw-p 00000000 00:00 0 
7fd36bb60000-7fd36bb63000 r-xp 00000000 08:01 658494                     /usr/lib/x86_64-linux-gnu/libgmodule-2.0.so.0.3200.3
7fd36bb63000-7fd36bd62000 ---p 00003000 08:01 658494                     /usr/lib/x86_64-linux-gnu/libgmodule-2.0.so.0.3200.3
7fd36bd62000-7fd36bd63000 r--p 00002000 08:01 658494                     /usr/lib/x86_64-linux-gnu/libgmodule-2.0.so.0.3200.3
7fd36bd63000-7fd36bd64000 rw-p 00003000 08:01 658494                     /usr/lib/x86_64-linux-gnu/libgmodule-2.0.so.0.3200.3
7fd36bd64000-7fd36bdfa000 r-xp 00000000 08:01 660175                     /usr/lib/x86_64-linux-gnu/libfreetype.so.6.8.0
7fd36bdfa000-7fd36bff9000 ---p 00096000 08:01 660175                     /usr/lib/x86_64-linux-gnu/libfreetype.so.6.8.0
7fd36bff9000-7fd36bfff000 r--p 00095000 08:01 660175                     /usr/lib/x86_64-linux-gnu/libfreetype.so.6.8.0
7fd36bfff000-7fd36c000000 rw-p 0009b000 08:01 660175                     /usr/lib/x86_64-linux-gnu/libfreetype.so.6.8.0
7fd36c000000-7fd36c021000 rw-p 00000000 00:00 0 
7fd36c021000-7fd370000000 ---p 00000000 00:00 0 
7fd3700e4000-7fd370147000 rw-p 00000000 00:00 0 
7fd370147000-7fd370170000 r-xp 00000000 08:01 691115                     /usr/lib/x86_64-linux-gnu/libpangoft2-1.0.so.0.3000.0
7fd370170000-7fd37036f000 ---p 00029000 08:01 691115                     /usr/lib/x86_64-linux-gnu/libpangoft2-1.0.so.0.3000.0
7fd37036f000-7fd370370000 r--p 00028000 08:01 691115                     /usr/lib/x86_64-linux-gnu/libpangoft2-1.0.so.0.3000.0
7fd370370000-7fd370371000 rw-p 00029000 08:01 691115                     /usr/lib/x86_64-linux-gnu/libpangoft2-1.0.so.0.3000.0
7fd370371000-7fd3704a0000 r-xp 00000000 08:01 659284                     /usr/lib/x86_64-linux-gnu/libX11.so.6.3.0
7fd3704a0000-7fd3706a0000 ---p 0012f000 08:01 659284                     /usr/lib/x86_64-linux-gnu/libX11.so.6.3.0
7fd3706a0000-7fd3706a1000 r--p 0012f000 08:01 659284                     /usr/lib/x86_64-linux-gnu/libX11.so.6.3.0
7fd3706a1000-7fd3706a5000 rw-p 00130000 08:01 659284                     /usr/lib/x86_64-linux-gnu/libX11.so.6.3.0
7fd3706a5000-7fd37075e000 r-xp 00000000 08:01 655415                     /usr/lib/x86_64-linux-gnu/libcairo.so.2.11000.2
7fd37075e000-7fd37095d000 ---p 000b9000 08:01 655415                     /usr/lib/x86_64-linux-gnu/libcairo.so.2.11000.2
7fd37095d000-7fd37095f000 r--p 000b8000 08:01 655415                     /usr/lib/x86_64-linux-gnu/libcairo.so.2.11000.2
7fd37095f000-7fd370960000 rw-p 000ba000 08:01 655415                     /usr/lib/x86_64-linux-gnu/libcairo.so.2.11000.2
7fd370960000-7fd370963000 rw-p 00000000 00:00 0 
7fd370963000-7fd370968000 r-xp 00000000 08:01 660328                     /usr/lib/x86_64-linux-gnu/libXfixes.so.3.1.0
7fd370968000-7fd370b67000 ---p 00005000 08:01 660328                     /usr/lib/x86_64-linux-gnu/libXfixes.so.3.1.0
7fd370b67000-7fd370b68000 r--p 00004000 08:01 660328                     /usr/lib/x86_64-linux-gnu/libXfixes.so.3.1.0
7fd370b68000-7fd370b69000 rw-p 00005000 08:01 660328                     /usr/lib/x86_64-linux-gnu/libXfixes.so.3.1.0
7fd370b69000-7fd370b6b000 r-xp 00000000 08:01 660326                     /usr/lib/x86_64-linux-gnu/libXdamage.so.1.1.0
7fd370b6b000-7fd370d6a000 ---p 00002000 08:01 660326                     /usr/lib/x86_64-linux-gnu/libXdamage.so.1.1.0
7fd370d6a000-7fd370d6b000 r--p 00001000 08:01 660326                     /usr/lib/x86_64-linux-gnu/libXdamage.so.1.1.0
7fd370d6b000-7fd370d6c000 rw-p 00002000 08:01 660326                     /usr/lib/x86_64-linux-gnu/libXdamage.so.1.1.0
7fd370d6c000-7fd370d6e000 r-xp 00000000 08:01 660478                     /usr/lib/x86_64-linux-gnu/libXcomposite.so.1.0.0
7fd370d6e000-7fd370f6d000 ---p 00002000 08:01 660478                     /usr/lib/x86_64-linux-gnu/libXcomposite.so.1.0.0
7fd370f6d000-7fd370f6e000 r--p 00001000 08:01 660478                     /usr/lib/x86_64-linux-gnu/libXcomposite.so.1.0.0
7fd370f6e000-7fd370f6f000 rw-p 00002000 08:01 660478                     /usr/lib/x86_64-linux-gnu/libXcomposite.so.1.0.0
7fd370f6f000-7fd370f78000 r-xp 00000000 08:01 659544                     /usr/lib/x86_64-linux-gnu/libXcursor.so.1.0.2
7fd370f78000-7fd371177000 ---p 00009000 08:01 659544                     /usr/lib/x86_64-linux-gnu/libXcursor.so.1.0.2
7fd371177000-7fd371178000 r--p 00008000 08:01 659544                     /usr/lib/x86_64-linux-gnu/libXcursor.so.1.0.2
7fd371178000-7fd371179000 rw-p 00009000 08:01 659544                     /usr/lib/x86_64-linux-gnu/libXcursor.so.1.0.2
7fd371179000-7fd371181000 r-xp 00000000 08:01 659546                     /usr/lib/x86_64-linux-gnu/libXrandr.so.2.2.0
7fd371181000-7fd371380000 ---p 00008000 08:01 659546                     /usr/lib/x86_64-linux-gnu/libXrandr.so.2.2.0
7fd371380000-7fd371381000 r--p 00007000 08:01 659546                     /usr/lib/x86_64-linux-gnu/libXrandr.so.2.2.0
7fd371381000-7fd371382000 rw-p 00008000 08:01 659546                     /usr/lib/x86_64-linux-gnu/libXrandr.so.2.2.0
7fd371382000-7fd371390000 r-xp 00000000 08:01 660173                     /usr/lib/x86_64-linux-gnu/libXi.so.6.1.0
7fd371390000-7fd37158f000 ---p 0000e000 08:01 660173                     /usr/lib/x86_64-linux-gnu/libXi.so.6.1.0
7fd37158f000-7fd371590000 r--p 0000d000 08:01 660173                     /usr/lib/x86_64-linux-gnu/libXi.so.6.1.0
7fd371590000-7fd371591000 rw-p 0000e000 08:01 660173                     /usr/lib/x86_64-linux-gnu/libXi.so.6.1.0
7fd371591000-7fd371593000 r-xp 00000000 08:01 660486                     /usr/lib/x86_64-linux-gnu/libXinerama.so.1.0.0
7fd371593000-7fd371792000 ---p 00002000 08:01 660486                     /usr/lib/x86_64-linux-gnu/libXinerama.so.1.0.0
7fd371792000-7fd371793000 r--p 00001000 08:01 660486                     /usr/lib/x86_64-linux-gnu/libXinerama.so.1.0.0
7fd371793000-7fd371794000 rw-p 00002000 08:01 660486                     /usr/lib/x86_64-linux-gnu/libXinerama.so.1.0.0
7fd371794000-7fd37179d000 r-xp 00000000 08:01 660482                     /usr/lib/x86_64-linux-gnu/libXrender.so.1.3.0
7fd37179d000-7fd37199c000 ---p 00009000 08:01 660482                     /usr/lib/x86_64-linux-gnu/libXrender.so.1.3.0
7fd37199c000-7fd37199d000 r--p 00008000 08:01 660482                     /usr/lib/x86_64-linux-gnu/libXrender.so.1.3.0
7fd37199d000-7fd37199e000 rw-p 00009000 08:01 660482                     /usr/lib/x86_64-linux-gnu/libXrender.so.1.3.0
7fd37199e000-7fd3719ae000 r-xp 00000000 08:01 659283                     /usr/lib/x86_64-linux-gnu/libXext.so.6.4.0
7fd3719ae000-7fd371bad000 ---p 00010000 08:01 659283                     /usr/lib/x86_64-linux-gnu/libXext.so.6.4.0
7fd371bad000-7fd371bae000 r--p 0000f000 08:01 659283                     /usr/lib/x86_64-linux-gnu/libXext.so.6.4.0
7fd371bae000-7fd371baf000 rw-p 00010000 08:01 659283                     /usr/lib/x86_64-linux-gnu/libXext.so.6.4.0
7fd371baf000-7fd371be3000 r-xp 00000000 08:01 660176                     /usr/lib/x86_64-linux-gnu/libfontconfig.so.1.4.4
7fd371be3000-7fd371de3000 ---p 00034000 08:01 660176                     /usr/lib/x86_64-linux-gnu/libfontconfig.so.1.4.4
7fd371de3000-7fd371de4000 r--p 00034000 08:01 660176                     /usr/lib/x86_64-linux-gnu/libfontconfig.so.1.4.4
7fd371de4000-7fd371de5000 rw-p 00035000 08:01 660176                     /usr/lib/x86_64-linux-gnu/libfontconfig.so.1.4.4
7fd371de5000-7fd371f2d000 r-xp 00000000 08:01 658636                     /usr/lib/x86_64-linux-gnu/libgio-2.0.so.0.3200.3
7fd371f2d000-7fd37212c000 ---p 00148000 08:01 658636                     /usr/lib/x86_64-linux-gnu/libgio-2.0.so.0.3200.3
7fd37212c000-7fd372130000 r--p 00147000 08:01 658636                     /usr/lib/x86_64-linux-gnu/libgio-2.0.so.0.3200.3
7fd372130000-7fd372132000 rw-p 0014b000 08:01 658636                     /usr/lib/x86_64-linux-gnu/libgio-2.0.so.0.3200.3
7fd372132000-7fd372134000 rw-p 00000000 00:00 0 
7fd372134000-7fd372152000 r-xp 00000000 08:01 659502                     /usr/lib/x86_64-linux-gnu/libgdk_pixbuf-2.0.so.0.2600.1
7fd372152000-7fd372352000 ---p 0001e000 08:01 659502                     /usr/lib/x86_64-linux-gnu/libgdk_pixbuf-2.0.so.0.2600.1
7fd372352000-7fd372353000 r--p 0001e000 08:01 659502                     /usr/lib/x86_64-linux-gnu/libgdk_pixbuf-2.0.so.0.2600.1
7fd372353000-7fd372354000 rw-p 0001f000 08:01 659502                     /usr/lib/x86_64-linux-gnu/libgdk_pixbuf-2.0.so.0.2600.1
7fd372354000-7fd37239a000 r-xp 00000000 08:01 691117                     /usr/lib/x86_64-linux-gnu/libpango-1.0.so.0.3000.0
7fd37239a000-7fd37259a000 ---p 00046000 08:01 691117                     /usr/lib/x86_64-linux-gnu/libpango-1.0.so.0.3000.0
7fd37259a000-7fd37259c000 r--p 00046000 08:01 691117                     /usr/lib/x86_64-linux-gnu/libpango-1.0.so.0.3000.0
7fd37259c000-7fd37259d000 rw-p 00048000 08:01 691117                     /usr/lib/x86_64-linux-gnu/libpango-1.0.so.0.3000.0
7fd37259d000-7fd3725a8000 r-xp 00000000 08:01 691119                     /usr/lib/x86_64-linux-gnu/libpangocairo-1.0.so.0.3000.0
7fd3725a8000-7fd3727a7000 ---p 0000b000 08:01 691119                     /usr/lib/x86_64-linux-gnu/libpangocairo-1.0.so.0.3000.0
7fd3727a7000-7fd3727a8000 r--p 0000a000 08:01 691119                     /usr/lib/x86_64-linux-gnu/libpangocairo-1.0.so.0.3000.0
7fd3727a8000-7fd3727a9000 rw-p 0000b000 08:01 691119                     /usr/lib/x86_64-linux-gnu/libpangocairo-1.0.so.0.3000.0
7fd3727a9000-7fd372856000 r-xp 00000000 08:01 659576                     /usr/lib/x86_64-linux-gnu/libgdk-x11-2.0.so.0.2400.10
7fd372856000-7fd372a55000 ---p 000ad000 08:01 659576                     /usr/lib/x86_64-linux-gnu/libgdk-x11-2.0.so.0.2400.10
7fd372a55000-7fd372a59000 r--p 000ac000 08:01 659576                     /usr/lib/x86_64-linux-gnu/libgdk-x11-2.0.so.0.2400.10
7fd372a59000-7fd372a5b000 rw-p 000b0000 08:01 659576                     /usr/lib/x86_64-linux-gnu/libgdk-x11-2.0.so.0.2400.10
7fd372a5b000-7fd372a97000 r-xp 00000000 08:01 1048718                    /lib/x86_64-linux-gnu/libpcre.so.3.12.1
7fd372a97000-7fd372c96000 ---p 0003c000 08:01 1048718                    /lib/x86_64-linux-gnu/libpcre.so.3.12.1
7fd372c96000-7fd372c97000 r--p 0003b000 08:01 1048718                    /lib/x86_64-linux-gnu/libpcre.so.3.12.1
7fd372c97000-7fd372c98000 rw-p 0003c000 08:01 1048718                    /lib/x86_64-linux-gnu/libpcre.so.3.12.1
7fd372c98000-7fd372c9f000 r-xp 00000000 08:01 658011                     /usr/lib/x86_64-linux-gnu/libffi.so.6.0.0
7fd372c9f000-7fd372e9e000 ---p 00007000 08:01 658011                     /usr/lib/x86_64-linux-gnu/libffi.so.6.0.0
7fd372e9e000-7fd372e9f000 r--p 00006000 08:01 658011                     /usr/lib/x86_64-linux-gnu/libffi.so.6.0.0
7fd372e9f000-7fd372ea0000 rw-p 00007000 08:01 658011                     /usr/lib/x86_64-linux-gnu/libffi.so.6.0.0
7fd372ea0000-7fd372f92000 r-xp 00000000 08:01 1049042                    /lib/x86_64-linux-gnu/libglib-2.0.so.0.3200.3
7fd372f92000-7fd373192000 ---p 000f2000 08:01 1049042                    /lib/x86_64-linux-gnu/libglib-2.0.so.0.3200.3
7fd373192000-7fd373193000 r--p 000f2000 08:01 1049042                    /lib/x86_64-linux-gnu/libglib-2.0.so.0.3200.3
7fd373193000-7fd373194000 rw-p 000f3000 08:01 1049042                    /lib/x86_64-linux-gnu/libglib-2.0.so.0.3200.3
7fd373194000-7fd373195000 rw-p 00000000 00:00 0 
7fd373195000-7fd3731e2000 r-xp 00000000 08:01 658881                     /usr/lib/x86_64-linux-gnu/libgobject-2.0.so.0.3200.3
7fd3731e2000-7fd3733e2000 ---p 0004d000 08:01 658881                     /usr/lib/x86_64-linux-gnu/libgobject-2.0.so.0.3200.3
7fd3733e2000-7fd3733e3000 r--p 0004d000 08:01 658881                     /usr/lib/x86_64-linux-gnu/libgobject-2.0.so.0.3200.3
7fd3733e3000-7fd3733e4000 rw-p 0004e000 08:01 658881                     /usr/lib/x86_64-linux-gnu/libgobject-2.0.so.0.3200.3
7fd3733e4000-7fd3733f5000 r-xp 00000000 08:01 1058009                    /usr/lib/eclipse/plugins/org.eclipse.equinox.launcher.gtk.linux.x86_64_1.1.100.dist/eclipse_1408.so
7fd3733f5000-7fd3735f4000 ---p 00011000 08:01 1058009                    /usr/lib/eclipse/plugins/org.eclipse.equinox.launcher.gtk.linux.x86_64_1.1.100.dist/eclipse_1408.so
7fd3735f4000-7fd3735f5000 r--p 00010000 08:01 1058009                    /usr/lib/eclipse/plugins/org.eclipse.equinox.launcher.gtk.linux.x86_64_1.1.100.dist/eclipse_1408.so
7fd3735f5000-7fd3735f6000 rw-p 00011000 08:01 1058009                    /usr/lib/eclipse/plugins/org.eclipse.equinox.launcher.gtk.linux.x86_64_1.1.100.dist/eclipse_1408.so
7fd3735f6000-7fd3735f7000 ---p 00000000 00:00 0 
7fd3735f7000-7fd3736f7000 rw-p 00000000 00:00 0 
7fd3736f7000-7fd3736fa000 ---p 00000000 00:00 0 
7fd3736fa000-7fd3737f8000 rw-p 00000000 00:00 0 
7fd3737f8000-7fd3737fb000 ---p 00000000 00:00 0 
7fd3737fb000-7fd3738f9000 rw-p 00000000 00:00 0 
7fd3738f9000-7fd3738fc000 ---p 00000000 00:00 0 
7fd3738fc000-7fd3739fa000 rw-p 00000000 00:00 0 
7fd3739fa000-7fd3739fd000 ---p 00000000 00:00 0 
7fd3739fd000-7fd373afb000 rw-p 00000000 00:00 0 
7fd373afb000-7fd373afe000 ---p 00000000 00:00 0 
7fd373afe000-7fd373bfc000 rw-p 00000000 00:00 0 
7fd373bfc000-7fd373bff000 ---p 00000000 00:00 0 
7fd373bff000-7fd373cfd000 rw-p 00000000 00:00 0 
7fd373cfd000-7fd373cfe000 ---p 00000000 00:00 0 
7fd373cfe000-7fd374000000 rw-p 00000000 00:00 0 
7fd374000000-7fd374021000 rw-p 00000000 00:00 0 
7fd374021000-7fd378000000 ---p 00000000 00:00 0 
7fd378000000-7fd378021000 rw-p 00000000 00:00 0 
7fd378021000-7fd37c000000 ---p 00000000 00:00 0 
7fd37c000000-7fd37c021000 rw-p 00000000 00:00 0 
7fd37c021000-7fd380000000 ---p 00000000 00:00 0 
7fd380043000-7fd38074a000 rw-p 00000000 00:00 0 
7fd38074a000-7fd3808f9000 r--s 03e91000 08:01 929177                     /usr/lib/jvm/java-7-openjdk-amd64/jre/lib/rt.jar
7fd3808f9000-7fd3808fa000 ---p 00000000 00:00 0 
7fd3808fa000-7fd3809fa000 rw-p 00000000 00:00 0 
7fd3809fa000-7fd3809fb000 ---p 00000000 00:00 0 
7fd3809fb000-7fd380afb000 rw-p 00000000 00:00 0 
7fd380afb000-7fd380afc000 ---p 00000000 00:00 0 
7fd380afc000-7fd380bfc000 rw-p 00000000 00:00 0 
7fd380bfc000-7fd380bfd000 ---p 00000000 00:00 0 
7fd380bfd000-7fd380cfd000 rw-p 00000000 00:00 0 
7fd380cfd000-7fd380cfe000 ---p 00000000 00:00 0 
7fd380cfe000-7fd380dfe000 rw-p 00000000 00:00 0 
7fd380dfe000-7fd380dff000 ---p 00000000 00:00 0 
7fd380dff000-7fd380eff000 rw-p 00000000 00:00 0 
7fd380eff000-7fd380f00000 ---p 00000000 00:00 0 
7fd380f00000-7fd381000000 rw-p 00000000 00:00 0 
7fd381000000-7fd381270000 rwxp 00000000 00:00 0 
7fd381270000-7fd384240000 rw-p 00000000 00:00 0 
7fd384240000-7fd388000000 ---p 00000000 00:00 0 
7fd388023000-7fd388044000 r--s 00000000 08:01 791235                     /usr/share/mime/mime.cache
7fd388044000-7fd3880b0000 rw-p 00000000 00:00 0 
7fd3880b0000-7fd3880b1000 ---p 00000000 00:00 0 
7fd3880b1000-7fd3881bc000 rw-p 00000000 00:00 0 
7fd3881bc000-7fd388231000 rw-p 00000000 00:00 0 
7fd388231000-7fd38823c000 rw-p 00000000 00:00 0 
7fd38823c000-7fd3882b1000 rw-p 00000000 00:00 0 
7fd3882b1000-7fd3882bf000 rw-p 00000000 00:00 0 
7fd3882bf000-7fd388331000 rw-p 00000000 00:00 0 
7fd388331000-7fd388338000 rw-p 00000000 00:00 0 
7fd388338000-7fd388371000 rw-p 00000000 00:00 0 
7fd388371000-7fd38837c000 rw-p 00000000 00:00 0 
7fd38837c000-7fd388432000 rw-p 00000000 00:00 0 
7fd388432000-7fd38843a000 r-xp 00000000 08:01 1190563                    /usr/lib/jvm/java-7-openjdk-amd64/jre/lib/amd64/libzip.so
7fd38843a000-7fd388639000 ---p 00008000 08:01 1190563                    /usr/lib/jvm/java-7-openjdk-amd64/jre/lib/amd64/libzip.so
7fd388639000-7fd38863a000 r--p 00007000 08:01 1190563                    /usr/lib/jvm/java-7-openjdk-amd64/jre/lib/amd64/libzip.so
7fd38863a000-7fd38863b000 rw-p 00008000 08:01 1190563                    /usr/lib/jvm/java-7-openjdk-amd64/jre/lib/amd64/libzip.so
7fd38863b000-7fd388662000 r-xp 00000000 08:01 1190546                    /usr/lib/jvm/java-7-openjdk-amd64/jre/lib/amd64/libjava.so
7fd388662000-7fd388861000 ---p 00027000 08:01 1190546                    /usr/lib/jvm/java-7-openjdk-amd64/jre/lib/amd64/libjava.so
7fd388861000-7fd388862000 r--p 00026000 08:01 1190546                    /usr/lib/jvm/java-7-openjdk-amd64/jre/lib/amd64/libjava.so
7fd388862000-7fd388864000 rw-p 00027000 08:01 1190546                    /usr/lib/jvm/java-7-openjdk-amd64/jre/lib/amd64/libjava.so
7fd388864000-7fd388872000 r-xp 00000000 08:01 1190556                    /usr/lib/jvm/java-7-openjdk-amd64/jre/lib/amd64/libverify.so
7fd388872000-7fd388a71000 ---p 0000e000 08:01 1190556                    /usr/lib/jvm/java-7-openjdk-amd64/jre/lib/amd64/libverify.so
7fd388a71000-7fd388a73000 r--p 0000d000 08:01 1190556                    /usr/lib/jvm/java-7-openjdk-amd64/jre/lib/amd64/libverify.so
7fd388a73000-7fd388a74000 rw-p 0000f000 08:01 1190556                    /usr/lib/jvm/java-7-openjdk-amd64/jre/lib/amd64/libverify.so
7fd388a74000-7fd388a7b000 r-xp 00000000 08:01 1048723                    /lib/x86_64-linux-gnu/librt-2.15.so
7fd388a7b000-7fd388c7a000 ---p 00007000 08:01 1048723                    /lib/x86_64-linux-gnu/librt-2.15.so
7fd388c7a000-7fd388c7b000 r--p 00006000 08:01 1048723                    /lib/x86_64-linux-gnu/librt-2.15.so
7fd388c7b000-7fd388c7c000 rw-p 00007000 08:01 1048723                    /lib/x86_64-linux-gnu/librt-2.15.so
7fd388c7c000-7fd388c91000 r-xp 00000000 08:01 1048600                    /lib/x86_64-linux-gnu/libgcc_s.so.1
7fd388c91000-7fd388e90000 ---p 00015000 08:01 1048600                    /lib/x86_64-linux-gnu/libgcc_s.so.1
7fd388e90000-7fd388e91000 r--p 00014000 08:01 1048600                    /lib/x86_64-linux-gnu/libgcc_s.so.1
7fd388e91000-7fd388e92000 rw-p 00015000 08:01 1048600                    /lib/x86_64-linux-gnu/libgcc_s.so.1
7fd388e92000-7fd388f8b000 r-xp 00000000 08:01 1048685                    /lib/x86_64-linux-gnu/libm-2.15.so
7fd388f8b000-7fd38918a000 ---p 000f9000 08:01 1048685                    /lib/x86_64-linux-gnu/libm-2.15.so
7fd38918a000-7fd38918b000 r--p 000f8000 08:01 1048685                    /lib/x86_64-linux-gnu/libm-2.15.so
7fd38918b000-7fd38918c000 rw-p 000f9000 08:01 1048685                    /lib/x86_64-linux-gnu/libm-2.15.so
7fd38918c000-7fd38926e000 r-xp 00000000 08:01 658047                     /usr/lib/x86_64-linux-gnu/libstdc++.so.6.0.16
7fd38926e000-7fd38946d000 ---p 000e2000 08:01 658047                     /usr/lib/x86_64-linux-gnu/libstdc++.so.6.0.16
7fd38946d000-7fd389475000 r--p 000e1000 08:01 658047                     /usr/lib/x86_64-linux-gnu/libstdc++.so.6.0.16
7fd389475000-7fd389477000 rw-p 000e9000 08:01 658047                     /usr/lib/x86_64-linux-gnu/libstdc++.so.6.0.16
7fd389477000-7fd38948c000 rw-p 00000000 00:00 0 
7fd38948c000-7fd389e1f000 r-xp 00000000 08:01 1190542                    /usr/lib/jvm/java-7-openjdk-amd64/jre/lib/amd64/server/libjvm.so
7fd389e1f000-7fd38a01f000 ---p 00993000 08:01 1190542                    /usr/lib/jvm/java-7-openjdk-amd64/jre/lib/amd64/server/libjvm.so
7fd38a01f000-7fd38a099000 r--p 00993000 08:01 1190542                    /usr/lib/jvm/java-7-openjdk-amd64/jre/lib/amd64/server/libjvm.so
7fd38a099000-7fd38a0bb000 rw-p 00a0d000 08:01 1190542                    /usr/lib/jvm/java-7-openjdk-amd64/jre/lib/amd64/server/libjvm.so
7fd38a0bb000-7fd38a0e6000 rw-p 00000000 00:00 0 
7fd38a0e6000-7fd38a0fe000 r-xp 00000000 08:01 1048605                    /lib/x86_64-linux-gnu/libpthread-2.15.so
7fd38a0fe000-7fd38a2fd000 ---p 00018000 08:01 1048605                    /lib/x86_64-linux-gnu/libpthread-2.15.so
7fd38a2fd000-7fd38a2fe000 r--p 00017000 08:01 1048605                    /lib/x86_64-linux-gnu/libpthread-2.15.so
7fd38a2fe000-7fd38a2ff000 rw-p 00018000 08:01 1048605                    /lib/x86_64-linux-gnu/libpthread-2.15.so
7fd38a2ff000-7fd38a303000 rw-p 00000000 00:00 0 
7fd38a303000-7fd38a319000 r-xp 00000000 08:01 1048589                    /lib/x86_64-linux-gnu/libz.so.1.2.3.4
7fd38a319000-7fd38a518000 ---p 00016000 08:01 1048589                    /lib/x86_64-linux-gnu/libz.so.1.2.3.4
7fd38a518000-7fd38a519000 r--p 00015000 08:01 1048589                    /lib/x86_64-linux-gnu/libz.so.1.2.3.4
7fd38a519000-7fd38a51a000 rw-p 00016000 08:01 1048589                    /lib/x86_64-linux-gnu/libz.so.1.2.3.4
7fd38a51a000-7fd38a51c000 r-xp 00000000 08:01 1048604                    /lib/x86_64-linux-gnu/libdl-2.15.so
7fd38a51c000-7fd38a71c000 ---p 00002000 08:01 1048604                    /lib/x86_64-linux-gnu/libdl-2.15.so
7fd38a71c000-7fd38a71d000 r--p 00002000 08:01 1048604                    /lib/x86_64-linux-gnu/libdl-2.15.so
7fd38a71d000-7fd38a71e000 rw-p 00003000 08:01 1048604                    /lib/x86_64-linux-gnu/libdl-2.15.so
7fd38a71e000-7fd38a8d1000 r-xp 00000000 08:01 1048596                    /lib/x86_64-linux-gnu/libc-2.15.so
7fd38a8d1000-7fd38aad0000 ---p 001b3000 08:01 1048596                    /lib/x86_64-linux-gnu/libc-2.15.so
7fd38aad0000-7fd38aad4000 r--p 001b2000 08:01 1048596                    /lib/x86_64-linux-gnu/libc-2.15.so
7fd38aad4000-7fd38aad6000 rw-p 001b6000 08:01 1048596                    /lib/x86_64-linux-gnu/libc-2.15.so
7fd38aad6000-7fd38aadb000 rw-p 00000000 00:00 0 
7fd38aadb000-7fd38aae7000 r-xp 00000000 08:01 1190547                    /usr/lib/jvm/java-7-openjdk-amd64/jre/lib/amd64/jli/libjli.so
7fd38aae7000-7fd38ace7000 ---p 0000c000 08:01 1190547                    /usr/lib/jvm/java-7-openjdk-amd64/jre/lib/amd64/jli/libjli.so
7fd38ace7000-7fd38ace8000 r--p 0000c000 08:01 1190547                    /usr/lib/jvm/java-7-openjdk-amd64/jre/lib/amd64/jli/libjli.so
7fd38ace8000-7fd38ace9000 rw-p 0000d000 08:01 1190547                    /usr/lib/jvm/java-7-openjdk-amd64/jre/lib/amd64/jli/libjli.so
7fd38ace9000-7fd38ad0b000 r-xp 00000000 08:01 1048603                    /lib/x86_64-linux-gnu/ld-2.15.so
7fd38ad0f000-7fd38ad1d000 rw-p 00000000 00:00 0 
7fd38ad1d000-7fd38ad8f000 rw-p 00000000 00:00 0 
7fd38ad8f000-7fd38addb000 r--s 00000000 08:01 1970691                    /var/cache/nscd/passwd
7fd38addb000-7fd38adde000 ---p 00000000 00:00 0 
7fd38adde000-7fd38aee1000 rw-p 00000000 00:00 0 
7fd38aee3000-7fd38aeea000 r--s 00000000 08:01 658278                     /usr/lib/x86_64-linux-gnu/gconv/gconv-modules.cache
7fd38aeea000-7fd38aeee000 r--s 000a0000 08:01 930621                     /usr/lib/jvm/java-7-openjdk-common/jre/lib/jsse.jar
7fd38aeee000-7fd38aeef000 r--s 0000a000 08:01 930761                     /usr/lib/eclipse/plugins/org.eclipse.equinox.launcher_1.2.0.dist.jar
7fd38aeef000-7fd38aef1000 r--s 00012000 08:01 1056934                    /usr/lib/jvm/java-7-openjdk-common/jre/lib/ext/zipfs.jar
7fd38aef1000-7fd38aef4000 r--s 00085000 08:01 1053910                    /usr/lib/jvm/java-7-openjdk-common/jre/lib/ext/localedata.jar
7fd38aef4000-7fd38aef7000 r--s 0000f000 08:01 1056936                    /usr/lib/jvm/java-7-openjdk-common/jre/lib/ext/pulse-java.jar
7fd38aef7000-7fd38aefa000 r--s 0003c000 08:01 1053908                    /usr/lib/jvm/java-7-openjdk-common/jre/lib/ext/sunpkcs11.jar
7fd38aefa000-7fd38aefb000 r--s 00002000 08:01 1053909                    /usr/lib/jvm/java-7-openjdk-common/jre/lib/ext/dnsns.jar
7fd38aefb000-7fd38aefe000 r--s 00032000 08:01 1056930                    /usr/lib/jvm/java-7-openjdk-common/jre/lib/ext/sunjce_provider.jar
7fd38aefe000-7fd38aeff000 r--s 00007000 08:01 794294                     /usr/share/java/java-atk-wrapper.jar
7fd38aeff000-7fd38af07000 rw-s 00000000 08:02 131074                     /tmp/hsperfdata_aman313/7874
7fd38af07000-7fd38af08000 rw-p 00000000 00:00 0 
7fd38af08000-7fd38af09000 r--p 00000000 00:00 0 
7fd38af09000-7fd38af0b000 rw-p 00000000 00:00 0 
7fd38af0b000-7fd38af0c000 r--p 00022000 08:01 1048603                    /lib/x86_64-linux-gnu/ld-2.15.so
7fd38af0c000-7fd38af0e000 rw-p 00023000 08:01 1048603                    /lib/x86_64-linux-gnu/ld-2.15.so
7fff07af4000-7fff07b15000 rw-p 00000000 00:00 0                          [stack]
7fff07bff000-7fff07c00000 r-xp 00000000 00:00 0                          [vdso]
ffffffffff600000-ffffffffff601000 r-xp 00000000 00:00 0                  [vsyscall]

VM Arguments:
jvm_args: -Xms40m -Xmx384m -Dorg.eclipse.equinox.p2.reconciler.dropins.directory=/usr/share/eclipse/dropins -XX:MaxPermSize=256m 
java_command: /usr/lib/eclipse//plugins/org.eclipse.equinox.launcher_1.2.0.dist.jar -os linux -ws gtk -arch x86_64 -showsplash -launcher /usr/lib/eclipse/eclipse -name Eclipse --launcher.library /usr/lib/eclipse//plugins/org.eclipse.equinox.launcher.gtk.linux.x86_64_1.1.100.dist/eclipse_1408.so -startup /usr/lib/eclipse//plugins/org.eclipse.equinox.launcher_1.2.0.dist.jar --launcher.overrideVmargs -exitdata 2e30002 -vm /usr/bin/java -vmargs -Xms40m -Xmx384m -Dorg.eclipse.equinox.p2.reconciler.dropins.directory=/usr/share/eclipse/dropins -XX:MaxPermSize=256m -jar /usr/lib/eclipse//plugins/org.eclipse.equinox.launcher_1.2.0.dist.jar
Launcher Type: SUN_STANDARD

Environment Variables:
PATH=/usr/local/bin:/usr/bin:/bin:/usr/bin/X11:/usr/sbin:/sbin:/usr/games:/usr/sweet/bin:/usr/pubsw/bin:/usr/pubsw/X/bin:/afs/ir/users/a/m/aman313/bin:/afs/ir/users/a/m/aman313
SHELL=/bin/tcsh
DISPLAY=localhost:20.0
HOSTTYPE=x86_64-linux
OSTYPE=linux
MACHTYPE=x86_64

Signal Handlers:
SIGSEGV: [libjvm.so+0x8065e0], sa_mask[0]=0x7ffbfeff, sa_flags=0x10000004
SIGBUS: [libjvm.so+0x8065e0], sa_mask[0]=0x7ffbfeff, sa_flags=0x10000004
SIGFPE: [libjvm.so+0x6ac6d0], sa_mask[0]=0x7ffbfeff, sa_flags=0x10000004
SIGPIPE: SIG_IGN, sa_mask[0]=0x00001000, sa_flags=0x10000000
SIGXFSZ: [libjvm.so+0x6ac6d0], sa_mask[0]=0x7ffbfeff, sa_flags=0x10000004
SIGILL: [libjvm.so+0x6ac6d0], sa_mask[0]=0x7ffbfeff, sa_flags=0x10000004
SIGUSR1: SIG_DFL, sa_mask[0]=0x00000000, sa_flags=0x00000000
SIGUSR2: [libjvm.so+0x6acaa0], sa_mask[0]=0x00000000, sa_flags=0x10000004
SIGHUP: [libjvm.so+0x6acbe0], sa_mask[0]=0x7ffbfeff, sa_flags=0x10000004
SIGINT: [libjvm.so+0x6acbe0], sa_mask[0]=0x7ffbfeff, sa_flags=0x10000004
SIGTERM: [libjvm.so+0x6acbe0], sa_mask[0]=0x7ffbfeff, sa_flags=0x10000004
SIGQUIT: [libjvm.so+0x6acbe0], sa_mask[0]=0x7ffbfeff, sa_flags=0x10000004


---------------  S Y S T E M  ---------------

OS:Ubuntu 12.04 (precise)
uname:Linux 3.2.0-30-generic #48-Ubuntu SMP Fri Aug 24 16:52:48 UTC 2012 x86_64
libc:glibc 2.15 NPTL 2.15 
rlimit: STACK 8192k, CORE 0k, NPROC 256, NOFILE 4096, AS infinity
load average:11.52 11.70 11.43

/proc/meminfo:
MemTotal:       32949888 kB
MemFree:          245712 kB
Buffers:           13420 kB
Cached:           358628 kB
SwapCached:       130720 kB
Active:         29014336 kB
Inactive:        2996256 kB
Active(anon):   28816880 kB
Inactive(anon):  2822708 kB
Active(file):     197456 kB
Inactive(file):   173548 kB
Unevictable:           0 kB
Mlocked:               0 kB
SwapTotal:      10485756 kB
SwapFree:        5927348 kB
Dirty:               760 kB
Writeback:             0 kB
AnonPages:      31589116 kB
Mapped:           146792 kB
Shmem:               840 kB
Slab:             191212 kB
SReclaimable:     125428 kB
SUnreclaim:        65784 kB
KernelStack:        6856 kB
PageTables:       113336 kB
NFS_Unstable:          0 kB
Bounce:                0 kB
WritebackTmp:          0 kB
CommitLimit:    26960700 kB
Committed_AS:   36349800 kB
VmallocTotal:   34359738367 kB
VmallocUsed:      340304 kB
VmallocChunk:   34342322848 kB
HardwareCorrupted:     0 kB
AnonHugePages:         0 kB
HugePages_Total:       0
HugePages_Free:        0
HugePages_Rsvd:        0
HugePages_Surp:        0
Hugepagesize:       2048 kB
DirectMap4k:       91584 kB
DirectMap2M:     4102144 kB
DirectMap1G:    29360128 kB


CPU:total 8 (4 cores per cpu, 1 threads per core) family 16 model 4 stepping 2, cmov, cx8, fxsr, mmx, sse, sse2, sse3, popcnt, mmxext, 3dnowpref, lzcnt, sse4a

/proc/cpuinfo:
processor	: 0
vendor_id	: AuthenticAMD
cpu family	: 16
model		: 4
model name	: Quad-Core AMD Opteron(tm) Processor 2384
stepping	: 2
microcode	: 0x1000086
cpu MHz		: 2700.000
cache size	: 512 KB
physical id	: 0
siblings	: 4
core id		: 0
cpu cores	: 4
apicid		: 0
initial apicid	: 0
fpu		: yes
fpu_exception	: yes
cpuid level	: 5
wp		: yes
flags		: fpu vme de pse tsc msr pae mce cx8 apic sep mtrr pge mca cmov pat pse36 clflush mmx fxsr sse sse2 ht syscall nx mmxext fxsr_opt pdpe1gb rdtscp lm 3dnowext 3dnow constant_tsc rep_good nopl nonstop_tsc extd_apicid pni monitor cx16 popcnt lahf_lm cmp_legacy svm extapic cr8_legacy abm sse4a misalignsse 3dnowprefetch osvw ibs skinit wdt npt lbrv svm_lock nrip_save
bogomips	: 5400.20
TLB size	: 1024 4K pages
clflush size	: 64
cache_alignment	: 64
address sizes	: 48 bits physical, 48 bits virtual
power management: ts ttp tm stc 100mhzsteps hwpstate

processor	: 1
vendor_id	: AuthenticAMD
cpu family	: 16
model		: 4
model name	: Quad-Core AMD Opteron(tm) Processor 2384
stepping	: 2
microcode	: 0x1000086
cpu MHz		: 2700.000
cache size	: 512 KB
physical id	: 0
siblings	: 4
core id		: 1
cpu cores	: 4
apicid		: 1
initial apicid	: 1
fpu		: yes
fpu_exception	: yes
cpuid level	: 5
wp		: yes
flags		: fpu vme de pse tsc msr pae mce cx8 apic sep mtrr pge mca cmov pat pse36 clflush mmx fxsr sse sse2 ht syscall nx mmxext fxsr_opt pdpe1gb rdtscp lm 3dnowext 3dnow constant_tsc rep_good nopl nonstop_tsc extd_apicid pni monitor cx16 popcnt lahf_lm cmp_legacy svm extapic cr8_legacy abm sse4a misalignsse 3dnowprefetch osvw ibs skinit wdt npt lbrv svm_lock nrip_save
bogomips	: 5355.27
TLB size	: 1024 4K pages
clflush size	: 64
cache_alignment	: 64
address sizes	: 48 bits physical, 48 bits virtual
power management: ts ttp tm stc 100mhzsteps hwpstate

processor	: 2
vendor_id	: AuthenticAMD
cpu family	: 16
model		: 4
model name	: Quad-Core AMD Opteron(tm) Processor 2384
stepping	: 2
microcode	: 0x1000086
cpu MHz		: 2700.000
cache size	: 512 KB
physical id	: 0
siblings	: 4
core id		: 2
cpu cores	: 4
apicid		: 2
initial apicid	: 2
fpu		: yes
fpu_exception	: yes
cpuid level	: 5
wp		: yes
flags		: fpu vme de pse tsc msr pae mce cx8 apic sep mtrr pge mca cmov pat pse36 clflush mmx fxsr sse sse2 ht syscall nx mmxext fxsr_opt pdpe1gb rdtscp lm 3dnowext 3dnow constant_tsc rep_good nopl nonstop_tsc extd_apicid pni monitor cx16 popcnt lahf_lm cmp_legacy svm extapic cr8_legacy abm sse4a misalignsse 3dnowprefetch osvw ibs skinit wdt npt lbrv svm_lock nrip_save
bogomips	: 5400.23
TLB size	: 1024 4K pages
clflush size	: 64
cache_alignment	: 64
address sizes	: 48 bits physical, 48 bits virtual
power management: ts ttp tm stc 100mhzsteps hwpstate

processor	: 3
vendor_id	: AuthenticAMD
cpu family	: 16
model		: 4
model name	: Quad-Core AMD Opteron(tm) Processor 2384
stepping	: 2
microcode	: 0x1000086
cpu MHz		: 2700.000
cache size	: 512 KB
physical id	: 0
siblings	: 4
core id		: 3
cpu cores	: 4
apicid		: 3
initial apicid	: 3
fpu		: yes
fpu_exception	: yes
cpuid level	: 5
wp		: yes
flags		: fpu vme de pse tsc msr pae mce cx8 apic sep mtrr pge mca cmov pat pse36 clflush mmx fxsr sse sse2 ht syscall nx mmxext fxsr_opt pdpe1gb rdtscp lm 3dnowext 3dnow constant_tsc rep_good nopl nonstop_tsc extd_apicid pni monitor cx16 popcnt lahf_lm cmp_legacy svm extapic cr8_legacy abm sse4a misalignsse 3dnowprefetch osvw ibs skinit wdt npt lbrv svm_lock nrip_save
bogomips	: 5423.44
TLB size	: 1024 4K pages
clflush size	: 64
cache_alignment	: 64
address sizes	: 48 bits physical, 48 bits virtual
power management: ts ttp tm stc 100mhzsteps hwpstate

processor	: 4
vendor_id	: AuthenticAMD
cpu family	: 16
model		: 4
model name	: Quad-Core AMD Opteron(tm) Processor 2384
stepping	: 2
microcode	: 0x1000086
cpu MHz		: 2700.000
cache size	: 512 KB
physical id	: 1
siblings	: 4
core id		: 0
cpu cores	: 4
apicid		: 4
initial apicid	: 4
fpu		: yes
fpu_exception	: yes
cpuid level	: 5
wp		: yes
flags		: fpu vme de pse tsc msr pae mce cx8 apic sep mtrr pge mca cmov pat pse36 clflush mmx fxsr sse sse2 ht syscall nx mmxext fxsr_opt pdpe1gb rdtscp lm 3dnowext 3dnow constant_tsc rep_good nopl nonstop_tsc extd_apicid pni monitor cx16 popcnt lahf_lm cmp_legacy svm extapic cr8_legacy abm sse4a misalignsse 3dnowprefetch osvw ibs skinit wdt npt lbrv svm_lock nrip_save
bogomips	: 5483.03
TLB size	: 1024 4K pages
clflush size	: 64
cache_alignment	: 64
address sizes	: 48 bits physical, 48 bits virtual
power management: ts ttp tm stc 100mhzsteps hwpstate

processor	: 5
vendor_id	: AuthenticAMD
cpu family	: 16
model		: 4
model name	: Quad-Core AMD Opteron(tm) Processor 2384
stepping	: 2
microcode	: 0x1000086
cpu MHz		: 2700.000
cache size	: 512 KB
physical id	: 1
siblings	: 4
core id		: 1
cpu cores	: 4
apicid		: 5
initial apicid	: 5
fpu		: yes
fpu_exception	: yes
cpuid level	: 5
wp		: yes
flags		: fpu vme de pse tsc msr pae mce cx8 apic sep mtrr pge mca cmov pat pse36 clflush mmx fxsr sse sse2 ht syscall nx mmxext fxsr_opt pdpe1gb rdtscp lm 3dnowext 3dnow constant_tsc rep_good nopl nonstop_tsc extd_apicid pni monitor cx16 popcnt lahf_lm cmp_legacy svm extapic cr8_legacy abm sse4a misalignsse 3dnowprefetch osvw ibs skinit wdt npt lbrv svm_lock nrip_save
bogomips	: 5400.24
TLB size	: 1024 4K pages
clflush size	: 64
cache_alignment	: 64
address sizes	: 48 bits physical, 48 bits virtual
power management: ts ttp tm stc 100mhzsteps hwpstate

processor	: 6
vendor_id	: AuthenticAMD
cpu family	: 16
model		: 4
model name	: Quad-Core AMD Opteron(tm) Processor 2384
stepping	: 2
microcode	: 0x1000086
cpu MHz		: 2700.000
cache size	: 512 KB
physical id	: 1
siblings	: 4
core id		: 2
cpu cores	: 4
apicid		: 6
initial apicid	: 6
fpu		: yes
fpu_exception	: yes
cpuid level	: 5
wp		: yes
flags		: fpu vme de pse tsc msr pae mce cx8 apic sep mtrr pge mca cmov pat pse36 clflush mmx fxsr sse sse2 ht syscall nx mmxext fxsr_opt pdpe1gb rdtscp lm 3dnowext 3dnow constant_tsc rep_good nopl nonstop_tsc extd_apicid pni monitor cx16 popcnt lahf_lm cmp_legacy svm extapic cr8_legacy abm sse4a misalignsse 3dnowprefetch osvw ibs skinit wdt npt lbrv svm_lock nrip_save
bogomips	: 5425.67
TLB size	: 1024 4K pages
clflush size	: 64
cache_alignment	: 64
address sizes	: 48 bits physical, 48 bits virtual
power management: ts ttp tm stc 100mhzsteps hwpstate

processor	: 7
vendor_id	: AuthenticAMD
cpu family	: 16
model		: 4
model name	: Quad-Core AMD Opteron(tm) Processor 2384
stepping	: 2
microcode	: 0x1000086
cpu MHz		: 2700.000
cache size	: 512 KB
physical id	: 1
siblings	: 4
core id		: 3
cpu cores	: 4
apicid		: 7
initial apicid	: 7
fpu		: yes
fpu_exception	: yes
cpuid level	: 5
wp		: yes
flags		: fpu vme de pse tsc msr pae mce cx8 apic sep mtrr pge mca cmov pat pse36 clflush mmx fxsr sse sse2 ht syscall nx mmxext fxsr_opt pdpe1gb rdtscp lm 3dnowext 3dnow constant_tsc rep_good nopl nonstop_tsc extd_apicid pni monitor cx16 popcnt lahf_lm cmp_legacy svm extapic cr8_legacy abm sse4a misalignsse 3dnowprefetch osvw ibs skinit wdt npt lbrv svm_lock nrip_save
bogomips	: 5400.24
TLB size	: 1024 4K pages
clflush size	: 64
cache_alignment	: 64
address sizes	: 48 bits physical, 48 bits virtual
power management: ts ttp tm stc 100mhzsteps hwpstate



Memory: 4k page, physical 32949888k(245712k free), swap 10485756k(5927348k free)

vm_info: OpenJDK 64-Bit Server VM (22.0-b10) for linux-amd64 JRE (1.7.0_03-b147), built on May  2 2012 16:57:58 by "buildd" with gcc 4.6.3

time: Sun Nov 18 21:38:28 2012
elapsed time: 6 seconds

